<?xml version="1.0" encoding="UTF-8"?>
<!-- Generated by org.testng.reporters.JUnitXMLReporter -->
<testsuite hostname="DESKTOP-19MCO0V" ignored="1" name="Test" tests="5" failures="0" timestamp="13 Feb 2020 09:40:55 GMT" time="0.202" errors="0">
  <testcase name="@BeforeTest startReport" time="0.0" classname="extentReports.GenerateExtentReport">
    <failure type="org.testng.TestNGException" message="
Parameter &amp;apos;myBrowser&amp;apos; is required by BeforeTest on method startReport but has not been marked @Optional or defined
in E:\Selenium_Projects\MagentoProject\testng.xml">
      <![CDATA[org.testng.TestNGException: 
Parameter 'myBrowser' is required by BeforeTest on method startReport but has not been marked @Optional or defined
in E:\Selenium_Projects\MagentoProject\testng.xml
... Removed 21 stack frames]]>
    </failure>
  </testcase> <!-- @BeforeTest startReport -->
  <testcase name="@BeforeMethod Register" time="0.0" classname="extentReports.GenerateExtentReport">
    <skipped/>
  </testcase> <!-- @BeforeMethod Register -->
  <testcase name="@AfterMethod captureStatus" time="0.0" classname="extentReports.GenerateExtentReport">
    <skipped/>
  </testcase> <!-- @AfterMethod captureStatus -->
  <testcase name="@BeforeMethod Register" time="0.0" classname="extentReports.GenerateExtentReport">
    <skipped/>
  </testcase> <!-- @BeforeMethod Register -->
  <testcase name="@AfterMethod captureStatus" time="0.0" classname="extentReports.GenerateExtentReport">
    <skipped/>
  </testcase> <!-- @AfterMethod captureStatus -->
  <testcase name="@BeforeMethod Register" time="0.0" classname="extentReports.GenerateExtentReport">
    <skipped/>
  </testcase> <!-- @BeforeMethod Register -->
  <testcase name="@AfterMethod captureStatus" time="0.0" classname="extentReports.GenerateExtentReport">
    <skipped/>
  </testcase> <!-- @AfterMethod captureStatus -->
  <testcase name="@BeforeMethod Register" time="0.0" classname="extentReports.GenerateExtentReport">
    <skipped/>
  </testcase> <!-- @BeforeMethod Register -->
  <testcase name="@AfterMethod captureStatus" time="0.0" classname="extentReports.GenerateExtentReport">
    <skipped/>
  </testcase> <!-- @AfterMethod captureStatus -->
  <testcase name="@BeforeMethod Register" time="0.0" classname="extentReports.GenerateExtentReport">
    <skipped/>
  </testcase> <!-- @BeforeMethod Register -->
  <testcase name="@AfterMethod captureStatus" time="0.0" classname="extentReports.GenerateExtentReport">
    <skipped/>
  </testcase> <!-- @AfterMethod captureStatus -->
  <testcase name="@AfterTest CleanUp" time="0.0" classname="extentReports.GenerateExtentReport">
    <skipped/>
  </testcase> <!-- @AfterTest CleanUp -->
  <testcase name="testHomePage" time="0.0" classname="extentReports.GenerateExtentReport">
    <skipped/>
  </testcase> <!-- testHomePage -->
  <testcase name="testLogin" time="0.0" classname="extentReports.GenerateExtentReport">
    <skipped/>
  </testcase> <!-- testLogin -->
  <testcase name="testCustomer_Login" time="0.0" classname="extentReports.GenerateExtentReport">
    <skipped/>
  </testcase> <!-- testCustomer_Login -->
  <testcase name="gotoMobile_page" time="0.0" classname="extentReports.GenerateExtentReport">
    <skipped/>
  </testcase> <!-- gotoMobile_page -->
  <testcase name="CompareProducts" time="0.0" classname="extentReports.GenerateExtentReport">
    <skipped/>
  </testcase> <!-- CompareProducts -->
  <testcase name="changeSonyXperiaQty" time="0.0" classname="extentReports.GenerateExtentReport">
    <ignored/>
  </testcase> <!-- changeSonyXperiaQty -->
</testsuite> <!-- Test -->
